<?xml version="1.0" encoding="UTF-8"?>
<!-- Generated by org.testng.reporters.JUnitReportReporter -->
<testsuite hostname="DESKTOP-5V8832H" failures="0" tests="1" name="api_project.scratchpay.Test1" time="2.927" errors="0" timestamp="2022-09-11T13:37:36 CDT" skipped="0">
  <testcase classname="api_project.scratchpay.Test1" name="test" time="2.927"/>
  <system-out/>
</testsuite> <!-- api_project.scratchpay.Test1 -->
